C:\USERS\YUJIN WU\DOCUMENTS\VISUAL STUDIO 2012\PROJECTS\GAME OF LIFE\GAME OF LIFE\DEBUG\CONTROLS.OBJ
C:\USERS\YUJIN WU\DOCUMENTS\VISUAL STUDIO 2012\PROJECTS\GAME OF LIFE\GAME OF LIFE\DEBUG\VC110.PDB
C:\USERS\YUJIN WU\DOCUMENTS\VISUAL STUDIO 2012\PROJECTS\GAME OF LIFE\GAME OF LIFE\DEBUG\BUTTON.OBJ
C:\USERS\YUJIN WU\DOCUMENTS\VISUAL STUDIO 2012\PROJECTS\GAME OF LIFE\GAME OF LIFE\DEBUG\HSCROLL.OBJ
C:\USERS\YUJIN WU\DOCUMENTS\VISUAL STUDIO 2012\PROJECTS\GAME OF LIFE\GAME OF LIFE\DEBUG\LABEL.OBJ
C:\USERS\YUJIN WU\DOCUMENTS\VISUAL STUDIO 2012\PROJECTS\GAME OF LIFE\GAME OF LIFE\DEBUG\VSCROLL.OBJ
C:\USERS\YUJIN WU\DOCUMENTS\VISUAL STUDIO 2012\PROJECTS\GAME OF LIFE\GAME OF LIFE\DEBUG\CHECK.OBJ
C:\USERS\YUJIN WU\DOCUMENTS\VISUAL STUDIO 2012\PROJECTS\GAME OF LIFE\GAME OF LIFE\DEBUG\CONTROL.OBJ
C:\USERS\YUJIN WU\DOCUMENTS\VISUAL STUDIO 2012\PROJECTS\GAME OF LIFE\GAME OF LIFE\DEBUG\FORM.OBJ
C:\USERS\YUJIN WU\DOCUMENTS\VISUAL STUDIO 2012\PROJECTS\GAME OF LIFE\GAME OF LIFE\DEBUG\MAIN.OBJ
C:\USERS\YUJIN WU\DOCUMENTS\VISUAL STUDIO 2012\PROJECTS\GAME OF LIFE\GAME OF LIFE\DEBUG\MISC.OBJ
C:\USERS\YUJIN WU\DOCUMENTS\VISUAL STUDIO 2012\PROJECTS\GAME OF LIFE\GAME OF LIFE\DEBUG\RADIOBUTTON.OBJ
C:\USERS\YUJIN WU\DOCUMENTS\VISUAL STUDIO 2012\PROJECTS\GAME OF LIFE\GAME OF LIFE\DEBUG\SCROLLBUTTON.OBJ
C:\USERS\YUJIN WU\DOCUMENTS\VISUAL STUDIO 2012\PROJECTS\GAME OF LIFE\GAME OF LIFE\DEBUG\TEXTBOX.OBJ
C:\USERS\YUJIN WU\DOCUMENTS\VISUAL STUDIO 2012\PROJECTS\GAME OF LIFE\GAME OF LIFE\DEBUG\AUTOMATAENGINE.OBJ
C:\USERS\YUJIN WU\DOCUMENTS\VISUAL STUDIO 2012\PROJECTS\GAME OF LIFE\GAME OF LIFE\DEBUG\SANDBOX.OBJ
C:\USERS\YUJIN WU\DOCUMENTS\VISUAL STUDIO 2012\PROJECTS\GAME OF LIFE\DEBUG\GAME OF LIFE.ILK
C:\USERS\YUJIN WU\DOCUMENTS\VISUAL STUDIO 2012\PROJECTS\GAME OF LIFE\DEBUG\GAME OF LIFE.EXE
C:\USERS\YUJIN WU\DOCUMENTS\VISUAL STUDIO 2012\PROJECTS\GAME OF LIFE\DEBUG\GAME OF LIFE.PDB
C:\Users\Yujin Wu\Documents\Visual Studio 2012\Projects\Game of Life\Game of Life\Debug\AutomataEngine.obj
C:\Users\Yujin Wu\Documents\Visual Studio 2012\Projects\Game of Life\Game of Life\Debug\Button.obj
C:\Users\Yujin Wu\Documents\Visual Studio 2012\Projects\Game of Life\Game of Life\Debug\check.obj
C:\Users\Yujin Wu\Documents\Visual Studio 2012\Projects\Game of Life\Game of Life\Debug\control.obj
C:\Users\Yujin Wu\Documents\Visual Studio 2012\Projects\Game of Life\Game of Life\Debug\Controls.obj
C:\Users\Yujin Wu\Documents\Visual Studio 2012\Projects\Game of Life\Game of Life\Debug\form.obj
C:\Users\Yujin Wu\Documents\Visual Studio 2012\Projects\Game of Life\Game of Life\Debug\HScroll.obj
C:\Users\Yujin Wu\Documents\Visual Studio 2012\Projects\Game of Life\Game of Life\Debug\Label.obj
C:\Users\Yujin Wu\Documents\Visual Studio 2012\Projects\Game of Life\Game of Life\Debug\main.obj
C:\Users\Yujin Wu\Documents\Visual Studio 2012\Projects\Game of Life\Game of Life\Debug\misc.obj
C:\Users\Yujin Wu\Documents\Visual Studio 2012\Projects\Game of Life\Game of Life\Debug\radioButton.obj
C:\Users\Yujin Wu\Documents\Visual Studio 2012\Projects\Game of Life\Game of Life\Debug\sandBox.obj
C:\Users\Yujin Wu\Documents\Visual Studio 2012\Projects\Game of Life\Game of Life\Debug\scrollButton.obj
C:\Users\Yujin Wu\Documents\Visual Studio 2012\Projects\Game of Life\Game of Life\Debug\textBox.obj
C:\Users\Yujin Wu\Documents\Visual Studio 2012\Projects\Game of Life\Game of Life\Debug\VScroll.obj
C:\Users\Yujin Wu\Documents\Visual Studio 2012\Projects\Game of Life\Game of Life\Debug\cl.command.1.tlog
C:\Users\Yujin Wu\Documents\Visual Studio 2012\Projects\Game of Life\Game of Life\Debug\CL.read.1.tlog
C:\Users\Yujin Wu\Documents\Visual Studio 2012\Projects\Game of Life\Game of Life\Debug\CL.write.1.tlog
C:\Users\Yujin Wu\Documents\Visual Studio 2012\Projects\Game of Life\Game of Life\Debug\link-cvtres.read.1.tlog
C:\Users\Yujin Wu\Documents\Visual Studio 2012\Projects\Game of Life\Game of Life\Debug\link-cvtres.write.1.tlog
C:\Users\Yujin Wu\Documents\Visual Studio 2012\Projects\Game of Life\Game of Life\Debug\link-rc.read.1.tlog
C:\Users\Yujin Wu\Documents\Visual Studio 2012\Projects\Game of Life\Game of Life\Debug\link-rc.write.1.tlog
C:\Users\Yujin Wu\Documents\Visual Studio 2012\Projects\Game of Life\Game of Life\Debug\link.1040-cvtres.read.1.tlog
C:\Users\Yujin Wu\Documents\Visual Studio 2012\Projects\Game of Life\Game of Life\Debug\link.1040-cvtres.write.1.tlog
C:\Users\Yujin Wu\Documents\Visual Studio 2012\Projects\Game of Life\Game of Life\Debug\link.1040-rc.read.1.tlog
C:\Users\Yujin Wu\Documents\Visual Studio 2012\Projects\Game of Life\Game of Life\Debug\link.1040-rc.write.1.tlog
C:\Users\Yujin Wu\Documents\Visual Studio 2012\Projects\Game of Life\Game of Life\Debug\link.1040.read.1.tlog
C:\Users\Yujin Wu\Documents\Visual Studio 2012\Projects\Game of Life\Game of Life\Debug\link.1040.write.1.tlog
C:\Users\Yujin Wu\Documents\Visual Studio 2012\Projects\Game of Life\Game of Life\Debug\link.1048-cvtres.read.1.tlog
C:\Users\Yujin Wu\Documents\Visual Studio 2012\Projects\Game of Life\Game of Life\Debug\link.1048-cvtres.write.1.tlog
C:\Users\Yujin Wu\Documents\Visual Studio 2012\Projects\Game of Life\Game of Life\Debug\link.1048-rc.read.1.tlog
C:\Users\Yujin Wu\Documents\Visual Studio 2012\Projects\Game of Life\Game of Life\Debug\link.1048-rc.write.1.tlog
C:\Users\Yujin Wu\Documents\Visual Studio 2012\Projects\Game of Life\Game of Life\Debug\link.1048.read.1.tlog
C:\Users\Yujin Wu\Documents\Visual Studio 2012\Projects\Game of Life\Game of Life\Debug\link.1048.write.1.tlog
C:\Users\Yujin Wu\Documents\Visual Studio 2012\Projects\Game of Life\Game of Life\Debug\link.4076-cvtres.read.1.tlog
C:\Users\Yujin Wu\Documents\Visual Studio 2012\Projects\Game of Life\Game of Life\Debug\link.4076-cvtres.write.1.tlog
C:\Users\Yujin Wu\Documents\Visual Studio 2012\Projects\Game of Life\Game of Life\Debug\link.4076-rc.read.1.tlog
C:\Users\Yujin Wu\Documents\Visual Studio 2012\Projects\Game of Life\Game of Life\Debug\link.4076-rc.write.1.tlog
C:\Users\Yujin Wu\Documents\Visual Studio 2012\Projects\Game of Life\Game of Life\Debug\link.4076.read.1.tlog
C:\Users\Yujin Wu\Documents\Visual Studio 2012\Projects\Game of Life\Game of Life\Debug\link.4076.write.1.tlog
C:\Users\Yujin Wu\Documents\Visual Studio 2012\Projects\Game of Life\Game of Life\Debug\link.5744-cvtres.read.1.tlog
C:\Users\Yujin Wu\Documents\Visual Studio 2012\Projects\Game of Life\Game of Life\Debug\link.5744-cvtres.write.1.tlog
C:\Users\Yujin Wu\Documents\Visual Studio 2012\Projects\Game of Life\Game of Life\Debug\link.5744-rc.read.1.tlog
C:\Users\Yujin Wu\Documents\Visual Studio 2012\Projects\Game of Life\Game of Life\Debug\link.5744-rc.write.1.tlog
C:\Users\Yujin Wu\Documents\Visual Studio 2012\Projects\Game of Life\Game of Life\Debug\link.5744.read.1.tlog
C:\Users\Yujin Wu\Documents\Visual Studio 2012\Projects\Game of Life\Game of Life\Debug\link.5744.write.1.tlog
C:\Users\Yujin Wu\Documents\Visual Studio 2012\Projects\Game of Life\Game of Life\Debug\link.5916-cvtres.read.1.tlog
C:\Users\Yujin Wu\Documents\Visual Studio 2012\Projects\Game of Life\Game of Life\Debug\link.5916-cvtres.write.1.tlog
C:\Users\Yujin Wu\Documents\Visual Studio 2012\Projects\Game of Life\Game of Life\Debug\link.5916-rc.read.1.tlog
C:\Users\Yujin Wu\Documents\Visual Studio 2012\Projects\Game of Life\Game of Life\Debug\link.5916-rc.write.1.tlog
C:\Users\Yujin Wu\Documents\Visual Studio 2012\Projects\Game of Life\Game of Life\Debug\link.5916.read.1.tlog
C:\Users\Yujin Wu\Documents\Visual Studio 2012\Projects\Game of Life\Game of Life\Debug\link.5916.write.1.tlog
C:\Users\Yujin Wu\Documents\Visual Studio 2012\Projects\Game of Life\Game of Life\Debug\link.6272-cvtres.read.1.tlog
C:\Users\Yujin Wu\Documents\Visual Studio 2012\Projects\Game of Life\Game of Life\Debug\link.6272-cvtres.write.1.tlog
C:\Users\Yujin Wu\Documents\Visual Studio 2012\Projects\Game of Life\Game of Life\Debug\link.6272-rc.read.1.tlog
C:\Users\Yujin Wu\Documents\Visual Studio 2012\Projects\Game of Life\Game of Life\Debug\link.6272-rc.write.1.tlog
C:\Users\Yujin Wu\Documents\Visual Studio 2012\Projects\Game of Life\Game of Life\Debug\link.6272.read.1.tlog
C:\Users\Yujin Wu\Documents\Visual Studio 2012\Projects\Game of Life\Game of Life\Debug\link.6272.write.1.tlog
C:\Users\Yujin Wu\Documents\Visual Studio 2012\Projects\Game of Life\Game of Life\Debug\link.7044-cvtres.read.1.tlog
C:\Users\Yujin Wu\Documents\Visual Studio 2012\Projects\Game of Life\Game of Life\Debug\link.7044-cvtres.write.1.tlog
C:\Users\Yujin Wu\Documents\Visual Studio 2012\Projects\Game of Life\Game of Life\Debug\link.7044-rc.read.1.tlog
C:\Users\Yujin Wu\Documents\Visual Studio 2012\Projects\Game of Life\Game of Life\Debug\link.7044-rc.write.1.tlog
C:\Users\Yujin Wu\Documents\Visual Studio 2012\Projects\Game of Life\Game of Life\Debug\link.7044.read.1.tlog
C:\Users\Yujin Wu\Documents\Visual Studio 2012\Projects\Game of Life\Game of Life\Debug\link.7044.write.1.tlog
C:\Users\Yujin Wu\Documents\Visual Studio 2012\Projects\Game of Life\Game of Life\Debug\link.7888-cvtres.read.1.tlog
C:\Users\Yujin Wu\Documents\Visual Studio 2012\Projects\Game of Life\Game of Life\Debug\link.7888-cvtres.write.1.tlog
C:\Users\Yujin Wu\Documents\Visual Studio 2012\Projects\Game of Life\Game of Life\Debug\link.7888-rc.read.1.tlog
C:\Users\Yujin Wu\Documents\Visual Studio 2012\Projects\Game of Life\Game of Life\Debug\link.7888-rc.write.1.tlog
C:\Users\Yujin Wu\Documents\Visual Studio 2012\Projects\Game of Life\Game of Life\Debug\link.7888.read.1.tlog
C:\Users\Yujin Wu\Documents\Visual Studio 2012\Projects\Game of Life\Game of Life\Debug\link.7888.write.1.tlog
C:\Users\Yujin Wu\Documents\Visual Studio 2012\Projects\Game of Life\Game of Life\Debug\link.7904-cvtres.read.1.tlog
C:\Users\Yujin Wu\Documents\Visual Studio 2012\Projects\Game of Life\Game of Life\Debug\link.7904-cvtres.write.1.tlog
C:\Users\Yujin Wu\Documents\Visual Studio 2012\Projects\Game of Life\Game of Life\Debug\link.7904-rc.read.1.tlog
C:\Users\Yujin Wu\Documents\Visual Studio 2012\Projects\Game of Life\Game of Life\Debug\link.7904-rc.write.1.tlog
C:\Users\Yujin Wu\Documents\Visual Studio 2012\Projects\Game of Life\Game of Life\Debug\link.7904.read.1.tlog
C:\Users\Yujin Wu\Documents\Visual Studio 2012\Projects\Game of Life\Game of Life\Debug\link.7904.write.1.tlog
C:\Users\Yujin Wu\Documents\Visual Studio 2012\Projects\Game of Life\Game of Life\Debug\link.8672-cvtres.read.1.tlog
C:\Users\Yujin Wu\Documents\Visual Studio 2012\Projects\Game of Life\Game of Life\Debug\link.8672-cvtres.write.1.tlog
C:\Users\Yujin Wu\Documents\Visual Studio 2012\Projects\Game of Life\Game of Life\Debug\link.8672-rc.read.1.tlog
C:\Users\Yujin Wu\Documents\Visual Studio 2012\Projects\Game of Life\Game of Life\Debug\link.8672-rc.write.1.tlog
C:\Users\Yujin Wu\Documents\Visual Studio 2012\Projects\Game of Life\Game of Life\Debug\link.8672.read.1.tlog
C:\Users\Yujin Wu\Documents\Visual Studio 2012\Projects\Game of Life\Game of Life\Debug\link.8672.write.1.tlog
C:\Users\Yujin Wu\Documents\Visual Studio 2012\Projects\Game of Life\Game of Life\Debug\link.8872-cvtres.read.1.tlog
C:\Users\Yujin Wu\Documents\Visual Studio 2012\Projects\Game of Life\Game of Life\Debug\link.8872-cvtres.write.1.tlog
C:\Users\Yujin Wu\Documents\Visual Studio 2012\Projects\Game of Life\Game of Life\Debug\link.8872-rc.read.1.tlog
C:\Users\Yujin Wu\Documents\Visual Studio 2012\Projects\Game of Life\Game of Life\Debug\link.8872-rc.write.1.tlog
C:\Users\Yujin Wu\Documents\Visual Studio 2012\Projects\Game of Life\Game of Life\Debug\link.8872.read.1.tlog
C:\Users\Yujin Wu\Documents\Visual Studio 2012\Projects\Game of Life\Game of Life\Debug\link.8872.write.1.tlog
C:\Users\Yujin Wu\Documents\Visual Studio 2012\Projects\Game of Life\Game of Life\Debug\link.command.1.tlog
C:\Users\Yujin Wu\Documents\Visual Studio 2012\Projects\Game of Life\Game of Life\Debug\link.read.1.tlog
C:\Users\Yujin Wu\Documents\Visual Studio 2012\Projects\Game of Life\Game of Life\Debug\link.write.1.tlog
C:\Users\Yujin Wu\Documents\Visual Studio 2012\Projects\Game of Life\Game of Life\Debug\vc110.idb
C:\Users\Yujin Wu\Documents\Visual Studio 2012\Projects\Game of Life\Game of Life\Debug\vc110.pdb
C:\Users\Yujin Wu\Documents\Visual Studio 2012\Projects\Game of Life\Debug\Game of Life.pdb
C:\Users\Yujin Wu\Documents\Visual Studio 2012\Projects\Game of Life\Debug\Game of Life.exe
C:\Users\Yujin Wu\Documents\Visual Studio 2012\Projects\Game of Life\Debug\Game of Life.ilk
